<?xml version="1.0" encoding="UTF-8"?>
<!-- Generated by org.testng.reporters.JUnitXMLReporter -->
<testsuite ignored="0" hostname="hp" failures="0" tests="6" name="Default test" time="1.431" errors="0" timestamp="2023-11-27T09:21:06 IST">
  <testcase classname="PracticeTestNG.ExecuteDPTest" name="getData" time="0.008"/>
  <testcase classname="PracticeTestNG.ExecuteDPTest" name="getData" time="0.002"/>
  <testcase classname="PracticeTestNG.ExecuteDPTest" name="getData" time="0.002"/>
  <testcase classname="PracticeTestNG.ExecuteDPTest" name="getData" time="0.002"/>
  <testcase classname="PracticeTestNG.ExecuteDPTest" name="getData" time="0.002"/>
  <testcase classname="PracticeTestNG.ExecuteDPTest" name="getData" time="0.001"/>
</testsuite> <!-- Default test -->
