<?xml version="1.0" encoding="UTF-8"?>
<!-- Generated by org.testng.reporters.JUnitXMLReporter -->
<testsuite ignored="2" hostname="hp" failures="0" tests="4" name="chrome" time="0.113" errors="0" timestamp="2023-11-21T18:35:24 IST">
  <testcase classname="com.crm.GenericUtils.BaseClass" name="@BeforeSuite Config_BeforeSuite" time="0.327">
    <failure type="java.sql.SQLSyntaxErrorException" message="Unknown database &amp;apos;sdet52;&amp;apos;">
      <![CDATA[java.sql.SQLSyntaxErrorException: Unknown database 'sdet52;'
at com.mysql.cj.jdbc.exceptions.SQLError.createSQLException(SQLError.java:120)
at com.mysql.cj.jdbc.exceptions.SQLExceptionsMapping.translateException(SQLExceptionsMapping.java:122)
at com.mysql.cj.jdbc.ConnectionImpl.createNewIO(ConnectionImpl.java:829)
at com.mysql.cj.jdbc.ConnectionImpl.<init>(ConnectionImpl.java:449)
at com.mysql.cj.jdbc.ConnectionImpl.getInstance(ConnectionImpl.java:242)
at com.mysql.cj.jdbc.NonRegisteringDriver.connect(NonRegisteringDriver.java:198)
at java.sql/java.sql.DriverManager.getConnection(DriverManager.java:681)
at java.sql/java.sql.DriverManager.getConnection(DriverManager.java:229)
at com.crm.GenericUtils.DatabaseUtils.connectDB(DatabaseUtils.java:18)
at com.crm.GenericUtils.BaseClass.Config_BeforeSuite(BaseClass.java:32)
... Removed 19 stack frames]]>
    </failure>
  </testcase> <!-- @BeforeSuite Config_BeforeSuite -->
  <testcase classname="com.crm.GenericUtils.BaseClass" name="@BeforeClass Config_BeforeClass" time="0.0">
    <skipped/>
  </testcase> <!-- @BeforeClass Config_BeforeClass -->
  <testcase classname="com.crm.GenericUtils.BaseClass" name="@BeforeClass Config_BeforeClass" time="0.0">
    <skipped/>
  </testcase> <!-- @BeforeClass Config_BeforeClass -->
  <testcase classname="com.crm.GenericUtils.BaseClass" name="@BeforeMethod Config_BeforeMethod" time="0.0">
    <skipped/>
  </testcase> <!-- @BeforeMethod Config_BeforeMethod -->
  <testcase classname="com.crm.GenericUtils.BaseClass" name="@BeforeMethod Config_BeforeMethod" time="0.0">
    <skipped/>
  </testcase> <!-- @BeforeMethod Config_BeforeMethod -->
  <testcase classname="com.crm.GenericUtils.BaseClass" name="@AfterMethod Config_AfterMethod" time="0.0">
    <skipped/>
  </testcase> <!-- @AfterMethod Config_AfterMethod -->
  <testcase classname="com.crm.GenericUtils.BaseClass" name="@AfterMethod Config_AfterMethod" time="0.0">
    <skipped/>
  </testcase> <!-- @AfterMethod Config_AfterMethod -->
  <testcase classname="com.crm.GenericUtils.BaseClass" name="@BeforeMethod Config_BeforeMethod" time="0.0">
    <skipped/>
  </testcase> <!-- @BeforeMethod Config_BeforeMethod -->
  <testcase classname="com.crm.GenericUtils.BaseClass" name="@BeforeMethod Config_BeforeMethod" time="0.0">
    <skipped/>
  </testcase> <!-- @BeforeMethod Config_BeforeMethod -->
  <testcase classname="com.crm.GenericUtils.BaseClass" name="@AfterMethod Config_AfterMethod" time="0.0">
    <skipped/>
  </testcase> <!-- @AfterMethod Config_AfterMethod -->
  <testcase classname="com.crm.GenericUtils.BaseClass" name="@AfterMethod Config_AfterMethod" time="0.0">
    <skipped/>
  </testcase> <!-- @AfterMethod Config_AfterMethod -->
  <testcase classname="com.crm.GenericUtils.BaseClass" name="@AfterClass Config_AfterClass" time="0.0">
    <skipped/>
  </testcase> <!-- @AfterClass Config_AfterClass -->
  <testcase classname="com.crm.GenericUtils.BaseClass" name="@AfterClass Config_AfterClass" time="0.0">
    <skipped/>
  </testcase> <!-- @AfterClass Config_AfterClass -->
  <testcase classname="com.crm.GenericUtils.BaseClass" name="@BeforeClass Config_BeforeClass" time="0.0">
    <skipped/>
  </testcase> <!-- @BeforeClass Config_BeforeClass -->
  <testcase classname="com.crm.GenericUtils.BaseClass" name="@BeforeMethod Config_BeforeMethod" time="0.0">
    <skipped/>
  </testcase> <!-- @BeforeMethod Config_BeforeMethod -->
  <testcase classname="com.crm.GenericUtils.BaseClass" name="@AfterMethod Config_AfterMethod" time="0.0">
    <skipped/>
  </testcase> <!-- @AfterMethod Config_AfterMethod -->
  <testcase classname="com.crm.GenericUtils.BaseClass" name="@BeforeMethod Config_BeforeMethod" time="0.0">
    <skipped/>
  </testcase> <!-- @BeforeMethod Config_BeforeMethod -->
  <testcase classname="com.crm.GenericUtils.BaseClass" name="@AfterMethod Config_AfterMethod" time="0.0">
    <skipped/>
  </testcase> <!-- @AfterMethod Config_AfterMethod -->
  <testcase classname="com.crm.GenericUtils.BaseClass" name="@AfterClass Config_AfterClass" time="0.0">
    <skipped/>
  </testcase> <!-- @AfterClass Config_AfterClass -->
  <testcase classname="PracticeTestNG.Practice_Test" name="practice1" time="0.001">
    <skipped/>
  </testcase> <!-- practice1 -->
  <testcase classname="PracticeTestNG.Practice_Test" name="practice2" time="0.0">
    <skipped/>
  </testcase> <!-- practice2 -->
  <testcase classname="PracticeTestNG.Demo_Test" name="Demo1" time="0.0">
    <skipped/>
  </testcase> <!-- Demo1 -->
  <testcase classname="PracticeTestNG.Demo_Test" name="Demo2" time="0.0">
    <skipped/>
  </testcase> <!-- Demo2 -->
  <testcase classname="com.crm.GenericUtils.BaseClass" name="@BeforeSuite Config_BeforeSuite" time="0.0">
    <ignored/>
  </testcase> <!-- @BeforeSuite Config_BeforeSuite -->
  <testcase classname="com.crm.GenericUtils.BaseClass" name="@AfterSuite Config_AfterSuite" time="0.0">
    <ignored/>
  </testcase> <!-- @AfterSuite Config_AfterSuite -->
</testsuite> <!-- chrome -->
