<?xml version="1.0" encoding="UTF-8"?>
<!-- Generated by org.testng.reporters.JUnitXMLReporter -->
<testsuite ignored="0" hostname="hp" failures="0" tests="2" name="Edge" time="0.098" errors="0" timestamp="2023-11-21T18:35:24 IST">
  <testcase classname="PracticeTestNG.Sample_Test" name="Sample1" time="0.001">
    <skipped/>
  </testcase> <!-- Sample1 -->
  <testcase classname="PracticeTestNG.Sample_Test" name="Sample2" time="0.0">
    <skipped/>
  </testcase> <!-- Sample2 -->
</testsuite> <!-- Edge -->
