<?xml version="1.0" encoding="UTF-8"?>
<testng-results ignored="0" total="1" passed="1" failed="0" skipped="0">
  <reporter-output>
  </reporter-output>
  <suite started-at="2023-12-02T21:35:59 IST" name="Surefire suite" finished-at="2023-12-02T21:36:08 IST" duration-ms="8510">
    <groups>
    </groups>
    <test started-at="2023-12-02T21:35:59 IST" name="Surefire test" finished-at="2023-12-02T21:36:08 IST" duration-ms="8510">
      <class name="Practice_Demo.DynamicScrollTheWebPage">
        <test-method signature="ptest(java.lang.String)[pri:0, instance:Practice_Demo.DynamicScrollTheWebPage@6dbb137d]" started-at="2023-12-02T21:35:59 IST" name="ptest" finished-at="2023-12-02T21:36:08 IST" duration-ms="8426" status="PASS">
          <params>
            <param index="0">
              <value>
                <![CDATA[https://www.google.com]]>
              </value>
            </param>
          </params>
          <reporter-output>
          </reporter-output>
        </test-method> <!-- ptest -->
      </class> <!-- Practice_Demo.DynamicScrollTheWebPage -->
    </test> <!-- Surefire test -->
  </suite> <!-- Surefire suite -->
</testng-results>
