<?xml version="1.0" encoding="UTF-8"?>
<testng-results ignored="0" total="1" passed="1" failed="0" skipped="0">
  <reporter-output>
  </reporter-output>
  <suite started-at="2024-01-17T10:04:54 IST" name="Surefire suite" finished-at="2024-01-17T10:05:22 IST" duration-ms="28018">
    <groups>
    </groups>
    <test started-at="2024-01-17T10:04:54 IST" name="Surefire test" finished-at="2024-01-17T10:05:22 IST" duration-ms="28018">
      <class name="Assignment_01.arpanGobibo_Test">
        <test-method signature="main2()[pri:0, instance:Assignment_01.arpanGobibo_Test@33afa13b]" started-at="2024-01-17T10:04:54 IST" name="main2" finished-at="2024-01-17T10:05:22 IST" duration-ms="27965" status="PASS">
          <reporter-output>
          </reporter-output>
        </test-method> <!-- main2 -->
      </class> <!-- Assignment_01.arpanGobibo_Test -->
    </test> <!-- Surefire test -->
  </suite> <!-- Surefire suite -->
</testng-results>
