<?xml version="1.0" encoding="UTF-8"?>
<testng-results ignored="0" total="1" passed="1" failed="0" skipped="0">
  <reporter-output>
  </reporter-output>
  <suite started-at="2023-12-22T09:43:21 IST" name="Default suite" finished-at="2023-12-22T09:43:21 IST" duration-ms="135">
    <groups>
    </groups>
    <test started-at="2023-12-22T09:43:21 IST" name="Default test" finished-at="2023-12-22T09:43:21 IST" duration-ms="135">
      <class name="Strings.Reverse_And_Print_Only_Integer_Numbers">
        <test-method signature="reverse()[pri:0, instance:Strings.Reverse_And_Print_Only_Integer_Numbers@131774fe]" started-at="2023-12-22T09:43:21 IST" name="reverse" finished-at="2023-12-22T09:43:21 IST" duration-ms="23" status="PASS">
          <reporter-output>
          </reporter-output>
        </test-method> <!-- reverse -->
      </class> <!-- Strings.Reverse_And_Print_Only_Integer_Numbers -->
    </test> <!-- Default test -->
  </suite> <!-- Default suite -->
</testng-results>
