<?xml version="1.0" encoding="UTF-8"?>
<testng-results ignored="0" total="6" passed="6" failed="0" skipped="0">
  <reporter-output>
  </reporter-output>
  <suite started-at="2023-11-27T09:21:04 IST" name="Default suite" finished-at="2023-11-27T09:21:06 IST" duration-ms="1431">
    <groups>
    </groups>
    <test started-at="2023-11-27T09:21:04 IST" name="Default test" finished-at="2023-11-27T09:21:06 IST" duration-ms="1431">
      <class name="PracticeTestNG.ExecuteDPTest">
        <test-method signature="getData(java.lang.String,java.lang.String)[pri:0, instance:PracticeTestNG.ExecuteDPTest@8f4ea7c]" started-at="2023-11-27T09:21:06 IST" name="getData" data-provider="data" finished-at="2023-11-27T09:21:06 IST" duration-ms="8" status="PASS">
          <params>
            <param index="0">
              <value>
                <![CDATA[//input[@id='product:name']]]>
              </value>
            </param>
            <param index="1">
              <value>
                <![CDATA[Chips]]>
              </value>
            </param>
          </params>
          <reporter-output>
          </reporter-output>
        </test-method> <!-- getData -->
        <test-method signature="getData(java.lang.String,java.lang.String)[pri:0, instance:PracticeTestNG.ExecuteDPTest@8f4ea7c]" started-at="2023-11-27T09:21:06 IST" name="getData" data-provider="data" finished-at="2023-11-27T09:21:06 IST" duration-ms="2" status="PASS">
          <params>
            <param index="0">
              <value>
                <![CDATA[//input[@id='product:price']]]>
              </value>
            </param>
            <param index="1">
              <value>
                <![CDATA[29]]>
              </value>
            </param>
          </params>
          <reporter-output>
          </reporter-output>
        </test-method> <!-- getData -->
        <test-method signature="getData(java.lang.String,java.lang.String)[pri:0, instance:PracticeTestNG.ExecuteDPTest@8f4ea7c]" started-at="2023-11-27T09:21:06 IST" name="getData" data-provider="data" finished-at="2023-11-27T09:21:06 IST" duration-ms="2" status="PASS">
          <params>
            <param index="0">
              <value>
                <![CDATA[//select[@id='product:unit']]]>
              </value>
            </param>
            <param index="1">
              <value>
                <![CDATA[PCS]]>
              </value>
            </param>
          </params>
          <reporter-output>
          </reporter-output>
        </test-method> <!-- getData -->
        <test-method signature="getData(java.lang.String,java.lang.String)[pri:0, instance:PracticeTestNG.ExecuteDPTest@8f4ea7c]" started-at="2023-11-27T09:21:06 IST" name="getData" data-provider="data" finished-at="2023-11-27T09:21:06 IST" duration-ms="2" status="PASS">
          <params>
            <param index="0">
              <value>
                <![CDATA[//select[@id='product:category']]]>
              </value>
            </param>
            <param index="1">
              <value>
                <![CDATA[ kk ]]>
              </value>
            </param>
          </params>
          <reporter-output>
          </reporter-output>
        </test-method> <!-- getData -->
        <test-method signature="getData(java.lang.String,java.lang.String)[pri:0, instance:PracticeTestNG.ExecuteDPTest@8f4ea7c]" started-at="2023-11-27T09:21:06 IST" name="getData" data-provider="data" finished-at="2023-11-27T09:21:06 IST" duration-ms="2" status="PASS">
          <params>
            <param index="0">
              <value>
                <![CDATA[//textarea[@name='txtProductDescription']]]>
              </value>
            </param>
            <param index="1">
              <value>
                <![CDATA[stock is available]]>
              </value>
            </param>
          </params>
          <reporter-output>
          </reporter-output>
        </test-method> <!-- getData -->
        <test-method signature="getData(java.lang.String,java.lang.String)[pri:0, instance:PracticeTestNG.ExecuteDPTest@8f4ea7c]" started-at="2023-11-27T09:21:06 IST" name="getData" data-provider="data" finished-at="2023-11-27T09:21:06 IST" duration-ms="1" status="PASS">
          <params>
            <param index="0">
              <value>
                <![CDATA[//input[@id='product:price']]]>
              </value>
            </param>
            <param index="1">
              <value>
                <![CDATA[31]]>
              </value>
            </param>
          </params>
          <reporter-output>
          </reporter-output>
        </test-method> <!-- getData -->
      </class> <!-- PracticeTestNG.ExecuteDPTest -->
    </test> <!-- Default test -->
  </suite> <!-- Default suite -->
</testng-results>
